<?xml version="1.0" encoding="UTF-8"?>
<!-- Generated by org.testng.reporters.JUnitXMLReporter -->
<testsuite ignored="0" hostname="CRC-LP-10" failures="0" tests="4" name="Surefire test" time="512.487" errors="0" timestamp="2021-01-09T21:17:38 IST">
  <testcase classname="com.CRC_Base.Main_CRC" name="HomePage" time="27.055"/>
  <testcase classname="com.CRC_Base.Main_CRC" name="Importing_IdentityIqReport" time="158.735"/>
  <testcase classname="com.CRC_Base.Main_CRC" name="Importing_SmartCredit" time="152.922"/>
  <testcase classname="com.CRC_Base.Main_CRC" name="Importing_PrivacyGuard" time="148.722"/>
</testsuite> <!-- Surefire test -->
