<?xml version="1.0" encoding="UTF-8"?>
<!-- Generated by org.testng.reporters.JUnitXMLReporter -->
<testsuite ignored="0" hostname="CRC-LP-10" failures="0" tests="5" name="Default test" time="698.895" errors="0" timestamp="2021-01-11T18:14:37 IST">
  <testcase classname="com.CRC_Base.Main_CRC" name="HomePage" time="38.842"/>
  <testcase classname="com.CRC_Base.Main_CRC" name="Importing_IdentityIqReport" time="192.009"/>
  <testcase classname="com.CRC_Base.Main_CRC" name="Importing_SmartCredit" time="182.976"/>
  <testcase classname="com.CRC_Base.Main_CRC" name="Importing_PrivacyGuard" time="171.677"/>
  <testcase classname="com.CRC_Base.Main_CRC" name="Importing_MyfreeScoreNow" time="89.622"/>
</testsuite> <!-- Default test -->
