<?xml version="1.0" encoding="UTF-8"?>
<testsuite xmlns:xsi="http://www.w3.org/2001/XMLSchema-instance" xsi:noNamespaceSchemaLocation="https://maven.apache.org/surefire/maven-surefire-plugin/xsd/surefire-test-report-3.0.xsd" version="3.0" name="com.CRC_Base.Main_CRC" time="514.75" tests="4" errors="0" skipped="0" failures="0">
  <properties>
[...]
</properties>
  <testcase name="HomePage" classname="com.CRC_Base.Main_CRC" time="27.057"/>
  <testcase name="Importing_IdentityIqReport" classname="com.CRC_Base.Main_CRC" time="158.734"/>
  <testcase name="Importing_SmartCredit" classname="com.CRC_Base.Main_CRC" time="152.923"/>
  <testcase name="Importing_PrivacyGuard" classname="com.CRC_Base.Main_CRC" time="148.722"/>
</testsuite>