<?xml version="1.0" encoding="UTF-8"?>
<testng-results ignored="0" total="4" passed="4" failed="0" skipped="0">
  <reporter-output>
  </reporter-output>
  <suite started-at="2021-01-09T21:09:05 IST" name="Surefire suite" finished-at="2021-01-09T21:17:37 IST" duration-ms="512487">
    <groups>
    </groups>
    <test started-at="2021-01-09T21:09:05 IST" name="Surefire test" finished-at="2021-01-09T21:17:37 IST" duration-ms="512487">
      <class name="com.CRC_Base.Main_CRC">
        <test-method is-config="true" signature="Landing_Page()[pri:0, instance:com.CRC_Base.Main_CRC@646be2c3]" started-at="2021-01-09T21:09:05 IST" name="Landing_Page" finished-at="2021-01-09T21:09:30 IST" duration-ms="24994" status="PASS">
          <reporter-output>
          </reporter-output>
        </test-method> <!-- Landing_Page -->
        <test-method signature="HomePage()[pri:0, instance:com.CRC_Base.Main_CRC@646be2c3]" started-at="2021-01-09T21:09:30 IST" name="HomePage" finished-at="2021-01-09T21:09:57 IST" duration-ms="27055" status="PASS">
          <reporter-output>
          </reporter-output>
        </test-method> <!-- HomePage -->
        <test-method signature="Importing_IdentityIqReport()[pri:1, instance:com.CRC_Base.Main_CRC@646be2c3]" started-at="2021-01-09T21:09:57 IST" name="Importing_IdentityIqReport" finished-at="2021-01-09T21:12:36 IST" duration-ms="158735" status="PASS">
          <reporter-output>
          </reporter-output>
        </test-method> <!-- Importing_IdentityIqReport -->
        <test-method signature="Importing_SmartCredit()[pri:2, instance:com.CRC_Base.Main_CRC@646be2c3]" started-at="2021-01-09T21:12:36 IST" name="Importing_SmartCredit" finished-at="2021-01-09T21:15:09 IST" duration-ms="152922" status="PASS">
          <reporter-output>
          </reporter-output>
        </test-method> <!-- Importing_SmartCredit -->
        <test-method signature="Importing_PrivacyGuard()[pri:3, instance:com.CRC_Base.Main_CRC@646be2c3]" started-at="2021-01-09T21:15:09 IST" name="Importing_PrivacyGuard" finished-at="2021-01-09T21:17:37 IST" duration-ms="148722" status="PASS">
          <reporter-output>
          </reporter-output>
        </test-method> <!-- Importing_PrivacyGuard -->
      </class> <!-- com.CRC_Base.Main_CRC -->
    </test> <!-- Surefire test -->
  </suite> <!-- Surefire suite -->
</testng-results>
