<?xml version="1.0" encoding="UTF-8"?>
<testng-results ignored="0" total="5" passed="5" failed="0" skipped="0">
  <reporter-output>
  </reporter-output>
  <suite started-at="2021-01-11T18:02:58 IST" name="Default suite" finished-at="2021-01-11T18:14:37 IST" duration-ms="698895">
    <groups>
    </groups>
    <test started-at="2021-01-11T18:02:58 IST" name="Default test" finished-at="2021-01-11T18:14:37 IST" duration-ms="698895">
      <class name="com.CRC_Base.Main_CRC">
        <test-method is-config="true" signature="Landing_Page()[pri:0, instance:com.CRC_Base.Main_CRC@1b1473ab]" started-at="2021-01-11T18:02:58 IST" name="Landing_Page" finished-at="2021-01-11T18:03:21 IST" duration-ms="23692" status="PASS">
          <reporter-output>
          </reporter-output>
        </test-method> <!-- Landing_Page -->
        <test-method signature="HomePage()[pri:0, instance:com.CRC_Base.Main_CRC@1b1473ab]" started-at="2021-01-11T18:03:21 IST" name="HomePage" finished-at="2021-01-11T18:04:00 IST" duration-ms="38842" status="PASS">
          <reporter-output>
          </reporter-output>
        </test-method> <!-- HomePage -->
        <test-method signature="Importing_IdentityIqReport()[pri:1, instance:com.CRC_Base.Main_CRC@1b1473ab]" started-at="2021-01-11T18:04:00 IST" name="Importing_IdentityIqReport" finished-at="2021-01-11T18:07:12 IST" duration-ms="192009" status="PASS">
          <reporter-output>
          </reporter-output>
        </test-method> <!-- Importing_IdentityIqReport -->
        <test-method signature="Importing_SmartCredit()[pri:2, instance:com.CRC_Base.Main_CRC@1b1473ab]" started-at="2021-01-11T18:07:12 IST" name="Importing_SmartCredit" finished-at="2021-01-11T18:10:15 IST" duration-ms="182976" status="PASS">
          <reporter-output>
          </reporter-output>
        </test-method> <!-- Importing_SmartCredit -->
        <test-method signature="Importing_PrivacyGuard()[pri:3, instance:com.CRC_Base.Main_CRC@1b1473ab]" started-at="2021-01-11T18:10:15 IST" name="Importing_PrivacyGuard" finished-at="2021-01-11T18:13:07 IST" duration-ms="171677" status="PASS">
          <reporter-output>
          </reporter-output>
        </test-method> <!-- Importing_PrivacyGuard -->
        <test-method signature="Importing_MyfreeScoreNow()[pri:4, instance:com.CRC_Base.Main_CRC@1b1473ab]" started-at="2021-01-11T18:13:07 IST" name="Importing_MyfreeScoreNow" finished-at="2021-01-11T18:14:37 IST" duration-ms="89622" status="PASS">
          <reporter-output>
          </reporter-output>
        </test-method> <!-- Importing_MyfreeScoreNow -->
      </class> <!-- com.CRC_Base.Main_CRC -->
    </test> <!-- Default test -->
  </suite> <!-- Default suite -->
</testng-results>
